line 5 (connection.php) loaded connection script!
line 20 (connection.php) Connected successfully
line 5 (connection.php) loaded connection script!
line 20 (connection.php) Connected successfully
line 5 (connection.php) loaded connection script!
line 20 (connection.php) Connected successfully
line 5 (connection.php) loaded connection script!
line 20 (connection.php) Connected successfully
line 14 (login.php) phil81dc9bdb52d04dc20036dbd8313ed055
Line 17 in login.php, SQLSTATE[42S22]: Column not found: 1054 Unknown column 'pass' in 'where clause'  (PDOException)line 5 (connection.php) loaded connection script!
line 20 (connection.php) Connected successfully
line 14 (login.php) phil81dc9bdb52d04dc20036dbd8313ed055
line 20 (login.php) user is registered
Line 21 in login.php, Use of undefined constant logged_in - assumed 'logged_in'  (ErrorException)line 5 (connection.php) loaded connection script!
line 20 (connection.php) Connected successfully
line 14 (login.php) phil81dc9bdb52d04dc20036dbd8313ed055
line 20 (login.php) user is registered
line 22 (login.php) Array
(
    [logged_in] => 1
)

line 5 (connection.php) loaded connection script!
line 20 (connection.php) Connected successfully
line 14 (login.php) phil81dc9bdb52d04dc20036dbd8313ed055
line 20 (login.php) user is registered
line 22 (login.php) Array
(
    [logged_in] => 1
)

line 5 (connection.php) loaded connection script!
line 20 (connection.php) Connected successfully
line 5 (connection.php) loaded connection script!
line 20 (connection.php) Connected successfully
line 14 (login.php) phil81dc9bdb52d04dc20036dbd8313ed055
line 20 (login.php) user is registered
line 22 (login.php) Array
(
    [logged_in] => 1
)

line 5 (connection.php) loaded connection script!
line 20 (connection.php) Connected successfully
line 5 (connection.php) loaded connection script!
line 20 (connection.php) Connected successfully
line 5 (connection.php) loaded connection script!
line 20 (connection.php) Connected successfully
line 14 (login.php) phil81dc9bdb52d04dc20036dbd8313ed055
line 20 (login.php) user is registered
line 22 (login.php) Array
(
    [logged_in] => 1
)

line 5 (connection.php) loaded connection script!
line 20 (connection.php) Connected successfully
line 5 (connection.php) loaded connection script!
line 20 (connection.php) Connected successfully
line 14 (login.php) phil81dc9bdb52d04dc20036dbd8313ed055
line 20 (login.php) user is registered
line 22 (login.php) Array
(
    [logged_in] => 1
)

line 5 (connection.php) loaded connection script!
line 20 (connection.php) Connected successfully
line 5 (connection.php) loaded connection script!
line 20 (connection.php) Connected successfully
line 5 (connection.php) loaded connection script!
line 20 (connection.php) Connected successfully
